Using pre-set license
Built from '2020.3/staging' branch; Version is '2020.3.23f1 (c5d91304a876) revision 12966163'; Using compiler version '192528614'; Build Type 'Release'
OS: 'Windows 10 Pro; OS build 19043.1706; Version 2009; 64bit' Language: 'en' Physical Memory: 16259 MB
BatchMode: 1, IsHumanControllingUs: 0, StartBugReporterOnCrash: 0, Is64bit: 1, IsPro: 0

COMMAND LINE ARGUMENTS:
C:\Program Files\Unity\Hub\Editor\2020.3.23f1\Editor\Unity.exe
-adb2
-batchMode
-noUpm
-name
AssetImportWorker0
-projectPath
C:/Users/65966/Desktop/growzilla/UXG2565 Growzilla
-logFile
Logs/AssetImportWorker0.log
-srvPort
60149
Successfully changed project path to: C:/Users/65966/Desktop/growzilla/UXG2565 Growzilla
C:/Users/65966/Desktop/growzilla/UXG2565 Growzilla
Using Asset Import Pipeline V2.
Refreshing native plugins compatible for Editor in 68.44 ms, found 3 plugins.
Preloading 0 native plugins for Editor in 0.00 ms.
Initialize engine version: 2020.3.23f1 (c5d91304a876)
[Subsystems] Discovering subsystems at path C:/Program Files/Unity/Hub/Editor/2020.3.23f1/Editor/Data/Resources/UnitySubsystems
[Subsystems] Discovering subsystems at path C:/Users/65966/Desktop/growzilla/UXG2565 Growzilla/Assets
GfxDevice: creating device client; threaded=0
Direct3D:
    Version:  Direct3D 11.0 [level 11.1]
    Renderer: NVIDIA GeForce RTX 2060 (ID=0x1f11)
    Vendor:   
    VRAM:     5980 MB
    Driver:   30.0.15.1179
Initialize mono
Mono path[0] = 'C:/Program Files/Unity/Hub/Editor/2020.3.23f1/Editor/Data/Managed'
Mono path[1] = 'C:/Program Files/Unity/Hub/Editor/2020.3.23f1/Editor/Data/MonoBleedingEdge/lib/mono/unityjit'
Mono config path = 'C:/Program Files/Unity/Hub/Editor/2020.3.23f1/Editor/Data/MonoBleedingEdge/etc'
Using monoOptions --debugger-agent=transport=dt_socket,embedding=1,server=y,suspend=n,address=127.0.0.1:56552
Begin MonoManager ReloadAssembly
Registering precompiled unity dll's ...
Register platform support module: C:/Program Files/Unity/Hub/Editor/2020.3.23f1/Editor/Data/PlaybackEngines/WindowsStandaloneSupport/UnityEditor.WindowsStandalone.Extensions.dll
Registered in 0.003419 seconds.
Native extension for WindowsStandalone target not found
Refreshing native plugins compatible for Editor in 95.68 ms, found 3 plugins.
Preloading 0 native plugins for Editor in 0.00 ms.
Mono: successfully reloaded assembly
- Completed reload, in  0.996 seconds
Domain Reload Profiling:
	ReloadAssembly (996ms)
		BeginReloadAssembly (77ms)
			ExecutionOrderSort (0ms)
			DisableScriptedObjects (0ms)
			BackupInstance (0ms)
			ReleaseScriptingObjects (0ms)
			CreateAndSetChildDomain (1ms)
		EndReloadAssembly (797ms)
			LoadAssemblies (74ms)
			RebuildTransferFunctionScriptingTraits (0ms)
			SetupTypeCache (229ms)
			ReleaseScriptCaches (0ms)
			RebuildScriptCaches (67ms)
			SetupLoadedEditorAssemblies (323ms)
				LogAssemblyErrors (0ms)
				InitializePlatformSupportModulesInManaged (7ms)
				SetLoadedEditorAssemblies (0ms)
				RefreshPlugins (96ms)
				BeforeProcessingInitializeOnLoad (28ms)
				ProcessInitializeOnLoadAttributes (143ms)
				ProcessInitializeOnLoadMethodAttributes (48ms)
				AfterProcessingInitializeOnLoad (0ms)
				EditorAssembliesLoaded (0ms)
			ExecutionOrderSort2 (0ms)
			AwakeInstancesAfterBackupRestoration (0ms)
Platform modules already initialized, skipping
Registering precompiled user dll's ...
Registered in 0.007978 seconds.
Begin MonoManager ReloadAssembly
Native extension for WindowsStandalone target not found
Refreshing native plugins compatible for Editor in 66.79 ms, found 3 plugins.
Preloading 0 native plugins for Editor in 0.00 ms.
Mono: successfully reloaded assembly
- Completed reload, in  1.769 seconds
Domain Reload Profiling:
	ReloadAssembly (1770ms)
		BeginReloadAssembly (206ms)
			ExecutionOrderSort (0ms)
			DisableScriptedObjects (6ms)
			BackupInstance (0ms)
			ReleaseScriptingObjects (0ms)
			CreateAndSetChildDomain (25ms)
		EndReloadAssembly (1472ms)
			LoadAssemblies (127ms)
			RebuildTransferFunctionScriptingTraits (0ms)
			SetupTypeCache (515ms)
			ReleaseScriptCaches (1ms)
			RebuildScriptCaches (70ms)
			SetupLoadedEditorAssemblies (558ms)
				LogAssemblyErrors (0ms)
				InitializePlatformSupportModulesInManaged (6ms)
				SetLoadedEditorAssemblies (0ms)
				RefreshPlugins (67ms)
				BeforeProcessingInitializeOnLoad (127ms)
				ProcessInitializeOnLoadAttributes (325ms)
				ProcessInitializeOnLoadMethodAttributes (21ms)
				AfterProcessingInitializeOnLoad (12ms)
				EditorAssembliesLoaded (0ms)
			ExecutionOrderSort2 (0ms)
			AwakeInstancesAfterBackupRestoration (8ms)
Platform modules already initialized, skipping
========================================================================
Worker process is ready to serve import requests
Launched and connected shader compiler UnityShaderCompiler.exe after 0.10 seconds
Refreshing native plugins compatible for Editor in 0.63 ms, found 3 plugins.
Preloading 0 native plugins for Editor in 0.00 ms.
Unloading 2192 Unused Serialized files (Serialized files now loaded: 0)
System memory in use before: 95.7 MB.
System memory in use after: 95.8 MB.

Unloading 28 unused Assets to reduce memory usage. Loaded Objects now: 2625.
Total: 3.797300 ms (FindLiveObjects: 0.266800 ms CreateObjectMapping: 0.099900 ms MarkObjects: 3.341500 ms  DeleteObjects: 0.087500 ms)

AssetImportParameters requested are different than current active one (requested -> active):
  custom:framework-win-MediaFoundation: 216162199b28c13a410421893ffa2e32 -> 
  custom:video-decoder-ogg-theora: a1e56fd34408186e4bbccfd4996cb3dc -> 
  custom:container-muxer-webm: aa71ff27fc2769a1b78a27578f13a17b -> 
  custom:container-demuxer-webm: 4f35f7cbe854078d1ac9338744f61a02 -> 
  custom:container-demuxer-ogg: 62fdf1f143b41e24485cea50d1cbac27 -> 
  custom:video-encoder-webm-vp8: eb34c28f22e8b96e1ab97ce403110664 -> 
  custom:video-decoder-webm-vp8: 9c59270c3fd7afecdb556c50c9e8de78 -> 
  custom:audio-decoder-ogg-vorbis: bf7c407c2cedff20999df2af8eb42d56 -> 
  custom:audio-encoder-webm-vorbis: bf7c407c2cedff20999df2af8eb42d56 -> 
========================================================================
Received Import Request.
  path: Assets/Scenes/SampleScene.unity
  artifactKey: Guid(2cda990e2423bbf4892e6590ba056729) Importer(815301076,1909f56bfc062723c751e8b465ee728b)
Start importing Assets/Scenes/SampleScene.unity using Guid(2cda990e2423bbf4892e6590ba056729) Importer(815301076,1909f56bfc062723c751e8b465ee728b)  -> (artifact id: 'aa27944bdea339c97c39027c7eea529c') in 0.022909 seconds 
  Import took 0.026805 seconds .

========================================================================
Received Import Request.
  Time since last request: 5.596816 seconds.
  path: Assets/Scenes/Game.unity
  artifactKey: Guid(2cda990e2423bbf4892e6590ba056729) Importer(815301076,1909f56bfc062723c751e8b465ee728b)
Start importing Assets/Scenes/Game.unity using Guid(2cda990e2423bbf4892e6590ba056729) Importer(815301076,1909f56bfc062723c751e8b465ee728b)  -> (artifact id: '41b1d14b1c9cee80b6c568cc75c4166e') in 0.017525 seconds 
  Import took 0.022905 seconds .

========================================================================
Received Import Request.
  Time since last request: 1.044167 seconds.
  path: Assets/Scenes
  artifactKey: Guid(f48a3fd6699a32f449a8a4ff6d3f149a) Importer(815301076,1909f56bfc062723c751e8b465ee728b)
Start importing Assets/Scenes using Guid(f48a3fd6699a32f449a8a4ff6d3f149a) Importer(815301076,1909f56bfc062723c751e8b465ee728b)  -> (artifact id: '6454c59b9817639a344b450c16353c71') in 0.013975 seconds 
  Import took 0.018969 seconds .

========================================================================
Received Import Request.
  Time since last request: 15.489169 seconds.
  path: Assets/Scenes/Art
  artifactKey: Guid(1a204f403d595ce4e93e71b000e77296) Importer(815301076,1909f56bfc062723c751e8b465ee728b)
Start importing Assets/Scenes/Art using Guid(1a204f403d595ce4e93e71b000e77296) Importer(815301076,1909f56bfc062723c751e8b465ee728b)  -> (artifact id: '3df715f00eb6f8c405214e305a632c8e') in 0.015005 seconds 
  Import took 0.020202 seconds .

========================================================================
Received Import Request.
  Time since last request: 10.804987 seconds.
  path: Assets/Animations
  artifactKey: Guid(50803260cc523a1468a6f20b827dbe4c) Importer(815301076,1909f56bfc062723c751e8b465ee728b)
Start importing Assets/Animations using Guid(50803260cc523a1468a6f20b827dbe4c) Importer(815301076,1909f56bfc062723c751e8b465ee728b)  -> (artifact id: 'e7882895ad23458d59caddb27d396aec') in 0.012123 seconds 
  Import took 0.016280 seconds .

========================================================================
Received Import Request.
  Time since last request: 13.836468 seconds.
  path: Assets/Scripts
  artifactKey: Guid(ca5993939241d1841a87ec7a53329b8b) Importer(815301076,1909f56bfc062723c751e8b465ee728b)
Start importing Assets/Scripts using Guid(ca5993939241d1841a87ec7a53329b8b) Importer(815301076,1909f56bfc062723c751e8b465ee728b)  -> (artifact id: '46ff6bd2dfbe4a8a554c23cab3ad6ebb') in 0.013315 seconds 
  Import took 0.020278 seconds .

========================================================================
Received Import Request.
  Time since last request: 14.846200 seconds.
  path: Assets/Prefabs
  artifactKey: Guid(2dc559c060a257e468e24b20f450782d) Importer(815301076,1909f56bfc062723c751e8b465ee728b)
Start importing Assets/Prefabs using Guid(2dc559c060a257e468e24b20f450782d) Importer(815301076,1909f56bfc062723c751e8b465ee728b)  -> (artifact id: '4346a6da17cf7247ba2f8f1c2509ba8d') in 0.011954 seconds 
  Import took 0.015911 seconds .

========================================================================
Received Import Request.
  Time since last request: 6.708722 seconds.
  path: Assets/Audio
  artifactKey: Guid(fdded524b303aa5458bc398a89c3943e) Importer(815301076,1909f56bfc062723c751e8b465ee728b)
Start importing Assets/Audio using Guid(fdded524b303aa5458bc398a89c3943e) Importer(815301076,1909f56bfc062723c751e8b465ee728b)  -> (artifact id: '36713e82361911d2c58f3ecba2af0b5d') in 0.010363 seconds 
  Import took 0.015721 seconds .

========================================================================
Received Import Request.
  Time since last request: 13.330212 seconds.
  path: Assets/Scenes/Main Menu.unity
  artifactKey: Guid(b87ca9e7e7780a7498a833ad826f4dfa) Importer(815301076,1909f56bfc062723c751e8b465ee728b)
Start importing Assets/Scenes/Main Menu.unity using Guid(b87ca9e7e7780a7498a833ad826f4dfa) Importer(815301076,1909f56bfc062723c751e8b465ee728b)  -> (artifact id: '34472c0160219fb24e013610104e50ae') in 0.010581 seconds 
  Import took 0.016195 seconds .

AssetImportWorkerClient::OnTransportError - code=2 error=End of file
